<?xml version="1.0" encoding="UTF-8"?>
<!-- Generated by org.testng.reporters.JUnitXMLReporter -->
<testsuite hostname="DESKTOP-CEHTQ0V" name="Default test" tests="4" failures="0" timestamp="14 Jun 2018 07:15:41 GMT" time="37.392" errors="0">
  <testcase name="OpenWebsite" time="22.202" classname="automationtTest.NewTest"/>
  <testcase name="LoggingIn" time="9.368" classname="automationtTest.NewTest"/>
  <testcase name="FillDetails" time="2.509" classname="automationtTest.NewTest"/>
  <testcase name="logout" time="1.568" classname="automationtTest.NewTest"/>
</testsuite> <!-- Default test -->
