<?xml version="1.0" encoding="UTF-8"?>
<!-- Generated by org.testng.reporters.JUnitXMLReporter -->
<testsuite hostname="DESKTOP-CEHTQ0V" name="Test" tests="4" failures="0" timestamp="20 Aug 2018 06:46:41 GMT" time="39.009" errors="0">
  <testcase name="OpenWebsite" time="27.363" classname="automationtTest.NewTest"/>
  <testcase name="LoggingIn" time="5.029" classname="automationtTest.NewTest"/>
  <testcase name="FillDetails" time="3.633" classname="automationtTest.NewTest"/>
  <testcase name="logout" time="1.541" classname="automationtTest.NewTest"/>
</testsuite> <!-- Test -->
