<?xml version="1.0" encoding="UTF-8"?>
<testng-results skipped="0" failed="0" total="4" passed="4">
  <reporter-output>
  </reporter-output>
  <suite name="Suite" duration-ms="39009" started-at="2018-08-20T06:46:02Z" finished-at="2018-08-20T06:46:41Z">
    <groups>
    </groups>
    <test name="Test" duration-ms="39009" started-at="2018-08-20T06:46:02Z" finished-at="2018-08-20T06:46:41Z">
      <class name="automationtTest.NewTest">
        <test-method status="PASS" signature="f()[pri:0, instance:automationtTest.NewTest@1753acfe]" name="f" is-config="true" duration-ms="14" started-at="2018-08-20T12:16:02Z" finished-at="2018-08-20T12:16:02Z">
          <reporter-output>
          </reporter-output>
        </test-method> <!-- f -->
        <test-method status="PASS" signature="OpenWebsite()[pri:1, instance:automationtTest.NewTest@1753acfe]" name="OpenWebsite" duration-ms="27363" started-at="2018-08-20T12:16:02Z" finished-at="2018-08-20T12:16:30Z">
          <reporter-output>
          </reporter-output>
        </test-method> <!-- OpenWebsite -->
        <test-method status="PASS" signature="AfterTest()[pri:0, instance:automationtTest.NewTest@1753acfe]" name="AfterTest" is-config="true" duration-ms="1" started-at="2018-08-20T12:16:30Z" finished-at="2018-08-20T12:16:30Z">
          <reporter-output>
          </reporter-output>
        </test-method> <!-- AfterTest -->
        <test-method status="PASS" signature="LoggingIn()[pri:2, instance:automationtTest.NewTest@1753acfe]" name="LoggingIn" duration-ms="5029" started-at="2018-08-20T12:16:30Z" finished-at="2018-08-20T12:16:35Z">
          <reporter-output>
          </reporter-output>
        </test-method> <!-- LoggingIn -->
        <test-method status="PASS" signature="AfterTest()[pri:0, instance:automationtTest.NewTest@1753acfe]" name="AfterTest" is-config="true" duration-ms="0" started-at="2018-08-20T12:16:35Z" finished-at="2018-08-20T12:16:35Z">
          <reporter-output>
          </reporter-output>
        </test-method> <!-- AfterTest -->
        <test-method status="PASS" signature="FillDetails()[pri:3, instance:automationtTest.NewTest@1753acfe]" name="FillDetails" duration-ms="3633" started-at="2018-08-20T12:16:35Z" depends-on-methods="automationtTest.NewTest.LoggingIn" finished-at="2018-08-20T12:16:38Z">
          <reporter-output>
          </reporter-output>
        </test-method> <!-- FillDetails -->
        <test-method status="PASS" signature="AfterTest()[pri:0, instance:automationtTest.NewTest@1753acfe]" name="AfterTest" is-config="true" duration-ms="0" started-at="2018-08-20T12:16:38Z" finished-at="2018-08-20T12:16:38Z">
          <reporter-output>
          </reporter-output>
        </test-method> <!-- AfterTest -->
        <test-method status="PASS" signature="logout()[pri:4, instance:automationtTest.NewTest@1753acfe]" name="logout" duration-ms="1541" started-at="2018-08-20T12:16:38Z" depends-on-methods="automationtTest.NewTest.FillDetails" finished-at="2018-08-20T12:16:40Z">
          <reporter-output>
          </reporter-output>
        </test-method> <!-- logout -->
        <test-method status="PASS" signature="AfterTest()[pri:0, instance:automationtTest.NewTest@1753acfe]" name="AfterTest" is-config="true" duration-ms="1" started-at="2018-08-20T12:16:40Z" finished-at="2018-08-20T12:16:40Z">
          <reporter-output>
          </reporter-output>
        </test-method> <!-- AfterTest -->
        <test-method status="PASS" signature="closeBrowser()[pri:0, instance:automationtTest.NewTest@1753acfe]" name="closeBrowser" is-config="true" duration-ms="1394" started-at="2018-08-20T12:16:40Z" finished-at="2018-08-20T12:16:41Z">
          <reporter-output>
          </reporter-output>
        </test-method> <!-- closeBrowser -->
      </class> <!-- automationtTest.NewTest -->
    </test> <!-- Test -->
  </suite> <!-- Suite -->
</testng-results>
